\BOOKMARK [1][-]{section.0.1}{Introduction}{}% 1
\BOOKMARK [2][-]{subsection.0.1.1}{Problem Background}{section.0.1}% 2
\BOOKMARK [2][-]{subsection.0.1.2}{Literature Review}{section.0.1}% 3
\BOOKMARK [2][-]{subsection.0.1.3}{Restatement of the Tasks}{section.0.1}% 4
\BOOKMARK [1][-]{section.0.2}{The "...Policy" on ... given by our team}{}% 5
\BOOKMARK [2][-]{subsection.0.2.1}{Assumptions for the ""}{section.0.2}% 6
\BOOKMARK [2][-]{subsection.0.2.2}{The statement of "...Policy"}{section.0.2}% 7
\BOOKMARK [1][-]{section.0.3}{Notations}{}% 8
\BOOKMARK [1][-]{section.0.4}{The Models}{}% 9
\BOOKMARK [2][-]{subsection.0.4.1}{Model 1}{section.0.4}% 10
\BOOKMARK [3][-]{subsubsection.0.4.1.1}{Detail 1 about Model 1}{subsection.0.4.1}% 11
\BOOKMARK [2][-]{subsection.0.4.2}{Model 2}{section.0.4}% 12
\BOOKMARK [1][-]{section.0.5}{Strengths and Weaknesses}{}% 13
\BOOKMARK [2][-]{subsection.0.5.1}{Strengths}{section.0.5}% 14
\BOOKMARK [2][-]{subsection.0.5.2}{Weaknesses}{section.0.5}% 15
\BOOKMARK [1][-]{section.0.6}{Sensitivity Analysis}{}% 16
\BOOKMARK [1][-]{section.0.7}{Conclussion}{}% 17
\BOOKMARK [1][-]{section.0.8}{Memorandum}{}% 18
\BOOKMARK [1][-]{section.1.8}{References}{}% 19
\BOOKMARK [1][-]{section*.3}{Appendix A: Further on LaTeX}{}% 20
